<?xml version="1.0" encoding="utf-8"?><testsuites name="pytest tests"><testsuite name="pytest" errors="0" failures="0" skipped="0" tests="39" time="0.239" timestamp="2025-06-03T20:01:32.966012-04:00" hostname="aboogies-MacBook-Pro.local"><testcase classname="tests.unit.test_config_validation.TestConfigValidation" name="test_valid_config" time="0.032" /><testcase classname="tests.unit.test_config_validation.TestConfigValidation" name="test_invalid_distribution" time="0.000" /><testcase classname="tests.unit.test_config_validation.TestConfigValidation" name="test_invalid_os" time="0.000" /><testcase classname="tests.unit.test_config_validation.TestConfigValidation" name="test_missing_rke2_config" time="0.000" /><testcase classname="tests.unit.test_config_validation.TestConfigValidation" name="test_load_config_file" time="0.006" /><testcase classname="tests.unit.test_config_validation.TestConfigValidation" name="test_legacy_config_migration" time="0.000" /><testcase classname="tests.unit.test_config_validation_fixed.TestConfigValidationWorking" name="test_valid_config_structure" time="0.000" /><testcase classname="tests.unit.test_config_validation_fixed.TestConfigValidationWorking" name="test_config_validation_logic" time="0.002" /><testcase classname="tests.unit.test_config_validation_fixed.TestConfigValidationWorking" name="test_legacy_config_migration_logic" time="0.000" /><testcase classname="tests.unit.test_config_validation_fixed.TestConfigValidationWorking" name="test_config_file_operations" time="0.005" /><testcase classname="tests.unit.test_handlers_fixed.TestHandlersWithMocks" name="test_rke2_handler_validate_requirements" time="0.002" /><testcase classname="tests.unit.test_handlers_fixed.TestHandlersWithMocks" name="test_rke2_handler_missing_bundles" time="0.000" /><testcase classname="tests.unit.test_handlers_fixed.TestHandlersWithMocks" name="test_ssh_operations" time="0.003" /><testcase classname="tests.unit.test_handlers_fixed.TestHandlersWithMocks" name="test_os_handler_operations" time="0.000" /><testcase classname="tests.unit.test_utils.TestSSHUtils" name="test_run_ssh_command_success" time="0.001" /><testcase classname="tests.unit.test_utils.TestSSHUtils" name="test_run_ssh_command_failure" time="0.001" /><testcase classname="tests.unit.test_utils.TestSSHUtils" name="test_run_ssh_command_with_output" time="0.001" /><testcase classname="tests.unit.test_utils.TestLogging" name="test_log_message_general" time="0.000" /><testcase classname="tests.unit.test_utils.TestLogging" name="test_log_message_node_specific" time="0.000" /><testcase classname="tests.unit.test_utils.TestLogging" name="test_log_error_node_specific" time="0.000" /><testcase classname="tests.unit.test_utils.TestNetworkUtils" name="test_check_port_open_success" time="0.000" /><testcase classname="tests.unit.test_utils.TestNetworkUtils" name="test_check_port_open_failure" time="0.000" /><testcase classname="tests.unit.test_utils.TestNetworkUtils" name="test_resolve_hostname_success" time="0.000" /><testcase classname="tests.unit.test_utils.TestNetworkUtils" name="test_resolve_hostname_failure" time="0.000" /><testcase classname="tests.unit.test_utils.TestFileUtils" name="test_calculate_file_checksum" time="0.001" /><testcase classname="tests.unit.test_utils.TestFileUtils" name="test_verify_file_checksum_success" time="0.001" /><testcase classname="tests.unit.test_utils.TestFileUtils" name="test_verify_file_checksum_failure" time="0.001" /><testcase classname="tests.unit.test_utils.TestSystemUtils" name="test_run_local_command_success" time="0.001" /><testcase classname="tests.unit.test_utils.TestSystemUtils" name="test_run_local_command_failure" time="0.000" /><testcase classname="tests.unit.test_utils.TestSystemUtils" name="test_run_local_command_timeout" time="0.000" /><testcase classname="tests.unit.test_utils.TestValidationUtils" name="test_validate_ip_address_ipv4" time="0.000" /><testcase classname="tests.unit.test_utils.TestValidationUtils" name="test_validate_hostname" time="0.001" /><testcase classname="tests.unit.test_utils.TestValidationUtils" name="test_validate_port" time="0.000" /><testcase classname="tests.unit.test_utils.TestConfigValidation" name="test_valid_config" time="0.001" /><testcase classname="tests.unit.test_utils.TestConfigValidation" name="test_invalid_distribution" time="0.000" /><testcase classname="tests.unit.test_utils.TestConfigValidation" name="test_invalid_os" time="0.000" /><testcase classname="tests.unit.test_utils.TestConfigValidation" name="test_missing_rke2_config" time="0.001" /><testcase classname="tests.unit.test_utils.TestConfigValidation" name="test_load_config_file" time="0.005" /><testcase classname="tests.unit.test_utils.TestConfigValidation" name="test_legacy_config_migration" time="0.000" /></testsuite></testsuites>